<?xml version="1.0" encoding="UTF-8"?>
<robot generator="Robot 6.0.2 (Python 3.11.2 on win32)" generated="20230406 14:29:27.591" rpa="false" schemaversion="3">
<suite id="s1" name="firefoxProd" source="E:\PythonProjects\Nowy folder\robot\firefoxProd.robot">
<test id="s1-t1" name="RunBrowser1" line="22">
<kw name="Open Browser" library="SeleniumLibrary">
<arg>${url}</arg>
<arg>${browser3}</arg>
<doc>Opens a new browser instance to the optional ``url``.</doc>
<msg timestamp="20230406 14:29:28.226" level="INFO">Opening browser 'firefox' to base url 'http://localhost:8080/'.</msg>
<msg timestamp="20230406 14:29:28.229" level="INFO">Firefox driver log is always forced to to: E:\PythonProjects\Nowy folder\log\geckodriver-1.log</msg>
<status status="PASS" starttime="20230406 14:29:28.225" endtime="20230406 14:29:34.890"/>
</kw>
<kw name="Click Element" library="SeleniumLibrary">
<arg>xpath://*[@id="content"]/ul[1]/li/a</arg>
<doc>Click the element identified by ``locator``.</doc>
<msg timestamp="20230406 14:29:34.891" level="INFO">Clicking element 'xpath://*[@id="content"]/ul[1]/li/a'.</msg>
<status status="PASS" starttime="20230406 14:29:34.890" endtime="20230406 14:29:34.946"/>
</kw>
<kw name="Switch Window" library="SeleniumLibrary">
<arg>title=Conduit</arg>
<doc>Switches to browser window matching ``locator``.</doc>
<status status="PASS" starttime="20230406 14:29:34.947" endtime="20230406 14:29:35.164"/>
</kw>
<kw name="Location Should Be" library="SeleniumLibrary">
<arg>${url1}</arg>
<doc>Verifies that the current URL is exactly ``url``.</doc>
<msg timestamp="20230406 14:29:35.168" level="INFO">Current location is 'http://localhost:8080/apps/realworld/index.html'.</msg>
<status status="PASS" starttime="20230406 14:29:35.164" endtime="20230406 14:29:35.169"/>
</kw>
<kw name="Run Keyword And Ignore Error" library="BuiltIn">
<arg>Close Window</arg>
<doc>Runs the given keyword with the given arguments and ignores possible error.</doc>
<kw name="Close Window" library="SeleniumLibrary">
<doc>Closes currently opened and selected browser window/tab.</doc>
<status status="PASS" starttime="20230406 14:29:35.170" endtime="20230406 14:29:35.205"/>
</kw>
<status status="PASS" starttime="20230406 14:29:35.169" endtime="20230406 14:29:35.205"/>
</kw>
<status status="PASS" starttime="20230406 14:29:28.224" endtime="20230406 14:29:35.205"/>
</test>
<test id="s1-t2" name="RunBrowser2" line="29">
<kw name="Open Browser" library="SeleniumLibrary">
<arg>${url}</arg>
<arg>${browser3}</arg>
<doc>Opens a new browser instance to the optional ``url``.</doc>
<msg timestamp="20230406 14:29:35.208" level="INFO">Opening browser 'firefox' to base url 'http://localhost:8080/'.</msg>
<msg timestamp="20230406 14:29:35.209" level="INFO">Firefox driver log is always forced to to: E:\PythonProjects\Nowy folder\log\geckodriver-2.log</msg>
<status status="PASS" starttime="20230406 14:29:35.207" endtime="20230406 14:29:41.375"/>
</kw>
<kw name="Click Element" library="SeleniumLibrary">
<arg>xpath://*[@id="content"]/ul[2]/li[1]/a</arg>
<doc>Click the element identified by ``locator``.</doc>
<msg timestamp="20230406 14:29:41.376" level="INFO">Clicking element 'xpath://*[@id="content"]/ul[2]/li[1]/a'.</msg>
<status status="PASS" starttime="20230406 14:29:41.375" endtime="20230406 14:29:41.424"/>
</kw>
<kw name="Switch Window" library="SeleniumLibrary">
<arg>title=Conduit</arg>
<doc>Switches to browser window matching ``locator``.</doc>
<status status="PASS" starttime="20230406 14:29:41.425" endtime="20230406 14:29:41.632"/>
</kw>
<kw name="Location Should Be" library="SeleniumLibrary">
<arg>${url2}</arg>
<doc>Verifies that the current URL is exactly ``url``.</doc>
<msg timestamp="20230406 14:29:41.638" level="INFO">Current location is 'http://localhost:8080/dist/development/apps/realworld/index.html'.</msg>
<status status="PASS" starttime="20230406 14:29:41.633" endtime="20230406 14:29:41.639"/>
</kw>
<kw name="Run Keyword And Ignore Error" library="BuiltIn">
<arg>Close Window</arg>
<doc>Runs the given keyword with the given arguments and ignores possible error.</doc>
<kw name="Close Window" library="SeleniumLibrary">
<doc>Closes currently opened and selected browser window/tab.</doc>
<status status="PASS" starttime="20230406 14:29:41.639" endtime="20230406 14:29:41.676"/>
</kw>
<status status="PASS" starttime="20230406 14:29:41.639" endtime="20230406 14:29:41.676"/>
</kw>
<status status="PASS" starttime="20230406 14:29:35.206" endtime="20230406 14:29:41.677"/>
</test>
<test id="s1-t3" name="RunBrowser3" line="36">
<kw name="Open Browser" library="SeleniumLibrary">
<arg>${url}</arg>
<arg>${browser3}</arg>
<doc>Opens a new browser instance to the optional ``url``.</doc>
<msg timestamp="20230406 14:29:41.679" level="INFO">Opening browser 'firefox' to base url 'http://localhost:8080/'.</msg>
<msg timestamp="20230406 14:29:41.680" level="INFO">Firefox driver log is always forced to to: E:\PythonProjects\Nowy folder\log\geckodriver-3.log</msg>
<status status="PASS" starttime="20230406 14:29:41.678" endtime="20230406 14:29:47.458"/>
</kw>
<kw name="Click Element" library="SeleniumLibrary">
<arg>xpath://*[@id="content"]/ul[2]/li[2]/a</arg>
<doc>Click the element identified by ``locator``.</doc>
<msg timestamp="20230406 14:29:47.459" level="INFO">Clicking element 'xpath://*[@id="content"]/ul[2]/li[2]/a'.</msg>
<status status="PASS" starttime="20230406 14:29:47.458" endtime="20230406 14:29:47.518"/>
</kw>
<kw name="Switch Window" library="SeleniumLibrary">
<arg>title=Conduit</arg>
<doc>Switches to browser window matching ``locator``.</doc>
<status status="PASS" starttime="20230406 14:29:47.518" endtime="20230406 14:29:47.739"/>
</kw>
<kw name="Location Should Be" library="SeleniumLibrary">
<arg>${url3}</arg>
<doc>Verifies that the current URL is exactly ``url``.</doc>
<msg timestamp="20230406 14:29:47.744" level="INFO">Current location is 'http://localhost:8080/dist/production/apps/realworld/index.html'.</msg>
<status status="PASS" starttime="20230406 14:29:47.739" endtime="20230406 14:29:47.744"/>
</kw>
<kw name="Run Keyword And Ignore Error" library="BuiltIn">
<arg>Close Window</arg>
<doc>Runs the given keyword with the given arguments and ignores possible error.</doc>
<kw name="Close Window" library="SeleniumLibrary">
<doc>Closes currently opened and selected browser window/tab.</doc>
<status status="PASS" starttime="20230406 14:29:47.745" endtime="20230406 14:29:47.782"/>
</kw>
<status status="PASS" starttime="20230406 14:29:47.744" endtime="20230406 14:29:47.782"/>
</kw>
<status status="PASS" starttime="20230406 14:29:41.677" endtime="20230406 14:29:47.782"/>
</test>
<test id="s1-t4" name="RunBrowser4" line="43">
<kw name="Open Browser" library="SeleniumLibrary">
<arg>${url}</arg>
<arg>${browser3}</arg>
<doc>Opens a new browser instance to the optional ``url``.</doc>
<msg timestamp="20230406 14:29:47.784" level="INFO">Opening browser 'firefox' to base url 'http://localhost:8080/'.</msg>
<msg timestamp="20230406 14:29:47.786" level="INFO">Firefox driver log is always forced to to: E:\PythonProjects\Nowy folder\log\geckodriver-4.log</msg>
<status status="PASS" starttime="20230406 14:29:47.783" endtime="20230406 14:29:53.544"/>
</kw>
<kw name="Click Element" library="SeleniumLibrary">
<arg>xpath://*[@id="content"]/ul[3]/li/a</arg>
<doc>Click the element identified by ``locator``.</doc>
<msg timestamp="20230406 14:29:53.545" level="INFO">Clicking element 'xpath://*[@id="content"]/ul[3]/li/a'.</msg>
<status status="PASS" starttime="20230406 14:29:53.545" endtime="20230406 14:29:53.601"/>
</kw>
<kw name="Switch Window" library="SeleniumLibrary">
<arg>title=Neo Docs</arg>
<doc>Switches to browser window matching ``locator``.</doc>
<status status="PASS" starttime="20230406 14:29:53.601" endtime="20230406 14:29:53.840"/>
</kw>
<kw name="Location Should Be" library="SeleniumLibrary">
<arg>${url4}</arg>
<doc>Verifies that the current URL is exactly ``url``.</doc>
<msg timestamp="20230406 14:29:53.845" level="INFO">Current location is 'http://localhost:8080/dist/development/docs/index.html'.</msg>
<status status="PASS" starttime="20230406 14:29:53.840" endtime="20230406 14:29:53.845"/>
</kw>
<kw name="Run Keyword And Ignore Error" library="BuiltIn">
<arg>Close Window</arg>
<doc>Runs the given keyword with the given arguments and ignores possible error.</doc>
<kw name="Close Window" library="SeleniumLibrary">
<doc>Closes currently opened and selected browser window/tab.</doc>
<status status="PASS" starttime="20230406 14:29:53.846" endtime="20230406 14:29:53.890"/>
</kw>
<status status="PASS" starttime="20230406 14:29:53.846" endtime="20230406 14:29:53.891"/>
</kw>
<status status="PASS" starttime="20230406 14:29:47.783" endtime="20230406 14:29:53.891"/>
</test>
<test id="s1-t5" name="RunBrowser5" line="50">
<kw name="Open Browser" library="SeleniumLibrary">
<arg>${url}</arg>
<arg>${browser3}</arg>
<doc>Opens a new browser instance to the optional ``url``.</doc>
<msg timestamp="20230406 14:29:53.894" level="INFO">Opening browser 'firefox' to base url 'http://localhost:8080/'.</msg>
<msg timestamp="20230406 14:29:53.896" level="INFO">Firefox driver log is always forced to to: E:\PythonProjects\Nowy folder\log\geckodriver-5.log</msg>
<status status="PASS" starttime="20230406 14:29:53.893" endtime="20230406 14:29:59.676"/>
</kw>
<kw name="Click Element" library="SeleniumLibrary">
<arg>xpath://*[@id="content"]/ul[4]/li/a</arg>
<doc>Click the element identified by ``locator``.</doc>
<msg timestamp="20230406 14:29:59.676" level="INFO">Clicking element 'xpath://*[@id="content"]/ul[4]/li/a'.</msg>
<status status="PASS" starttime="20230406 14:29:59.676" endtime="20230406 14:29:59.732"/>
</kw>
<kw name="Switch Window" library="SeleniumLibrary">
<arg>title=Neo test suite</arg>
<doc>Switches to browser window matching ``locator``.</doc>
<msg timestamp="20230406 14:30:00.087" level="INFO" html="true">&lt;/td&gt;&lt;/tr&gt;&lt;tr&gt;&lt;td colspan="3"&gt;&lt;a href="selenium-screenshot-1.png"&gt;&lt;img src="selenium-screenshot-1.png" width="800px"&gt;&lt;/a&gt;</msg>
<msg timestamp="20230406 14:30:00.088" level="FAIL">Unable to locate window with title 'Neo test suite'.</msg>
<status status="FAIL" starttime="20230406 14:29:59.733" endtime="20230406 14:30:00.093"/>
</kw>
<kw name="Location Should Be" library="SeleniumLibrary">
<arg>${url5}</arg>
<doc>Verifies that the current URL is exactly ``url``.</doc>
<status status="NOT RUN" starttime="20230406 14:30:00.094" endtime="20230406 14:30:00.094"/>
</kw>
<kw name="Run Keyword And Ignore Error" library="BuiltIn">
<arg>Close Window</arg>
<doc>Runs the given keyword with the given arguments and ignores possible error.</doc>
<status status="NOT RUN" starttime="20230406 14:30:00.094" endtime="20230406 14:30:00.094"/>
</kw>
<status status="FAIL" starttime="20230406 14:29:53.892" endtime="20230406 14:30:00.094">Unable to locate window with title 'Neo test suite'.</status>
</test>
<test id="s1-t6" name="RunBrowser6" line="57">
<kw name="Open Browser" library="SeleniumLibrary">
<arg>${url}</arg>
<arg>${browser3}</arg>
<doc>Opens a new browser instance to the optional ``url``.</doc>
<msg timestamp="20230406 14:30:00.096" level="INFO">Opening browser 'firefox' to base url 'http://localhost:8080/'.</msg>
<msg timestamp="20230406 14:30:00.098" level="INFO">Firefox driver log is always forced to to: E:\PythonProjects\Nowy folder\log\geckodriver-6.log</msg>
<status status="PASS" starttime="20230406 14:30:00.095" endtime="20230406 14:30:05.857"/>
</kw>
<kw name="Click Element" library="SeleniumLibrary">
<arg>xpath://*[@id="content"]/ul[5]/li/a</arg>
<doc>Click the element identified by ``locator``.</doc>
<msg timestamp="20230406 14:30:05.858" level="INFO">Clicking element 'xpath://*[@id="content"]/ul[5]/li/a'.</msg>
<status status="PASS" starttime="20230406 14:30:05.858" endtime="20230406 14:30:05.913"/>
</kw>
<kw name="Switch Window" library="SeleniumLibrary">
<arg>title=neo.mjs - Website</arg>
<doc>Switches to browser window matching ``locator``.</doc>
<msg timestamp="20230406 14:30:06.191" level="INFO" html="true">&lt;/td&gt;&lt;/tr&gt;&lt;tr&gt;&lt;td colspan="3"&gt;&lt;a href="selenium-screenshot-2.png"&gt;&lt;img src="selenium-screenshot-2.png" width="800px"&gt;&lt;/a&gt;</msg>
<msg timestamp="20230406 14:30:06.191" level="FAIL">Unable to locate window with title 'neo.mjs - Website'.</msg>
<status status="FAIL" starttime="20230406 14:30:05.913" endtime="20230406 14:30:06.192"/>
</kw>
<kw name="Location Should Be" library="SeleniumLibrary">
<arg>${url6}</arg>
<doc>Verifies that the current URL is exactly ``url``.</doc>
<status status="NOT RUN" starttime="20230406 14:30:06.192" endtime="20230406 14:30:06.193"/>
</kw>
<kw name="Run Keyword And Ignore Error" library="BuiltIn">
<arg>Close Window</arg>
<doc>Runs the given keyword with the given arguments and ignores possible error.</doc>
<status status="NOT RUN" starttime="20230406 14:30:06.193" endtime="20230406 14:30:06.193"/>
</kw>
<status status="FAIL" starttime="20230406 14:30:00.095" endtime="20230406 14:30:06.193">Unable to locate window with title 'neo.mjs - Website'.</status>
</test>
<test id="s1-t7" name="SignUpSession" line="64">
<kw name="Open Browser" library="SeleniumLibrary">
<arg>${url3}</arg>
<arg>${browser3}</arg>
<doc>Opens a new browser instance to the optional ``url``.</doc>
<msg timestamp="20230406 14:30:06.195" level="INFO">Opening browser 'firefox' to base url 'http://localhost:8080/dist/production/apps/realworld/index.html'.</msg>
<msg timestamp="20230406 14:30:06.196" level="INFO">Firefox driver log is always forced to to: E:\PythonProjects\Nowy folder\log\geckodriver-7.log</msg>
<status status="PASS" starttime="20230406 14:30:06.194" endtime="20230406 14:30:11.700"/>
</kw>
<kw name="Wait Until Page Contains Element" library="SeleniumLibrary">
<arg>id:neo-vnode-6</arg>
<doc>Waits until the element ``locator`` appears on the current page.</doc>
<status status="PASS" starttime="20230406 14:30:11.700" endtime="20230406 14:30:11.924"/>
</kw>
<kw name="Click Element" library="SeleniumLibrary">
<arg>id:neo-vnode-6</arg>
<doc>Click the element identified by ``locator``.</doc>
<msg timestamp="20230406 14:30:11.925" level="INFO">Clicking element 'id:neo-vnode-6'.</msg>
<status status="PASS" starttime="20230406 14:30:11.925" endtime="20230406 14:30:11.967"/>
</kw>
<kw name="Wait Until Page Contains Element" library="SeleniumLibrary">
<arg>name:email</arg>
<doc>Waits until the element ``locator`` appears on the current page.</doc>
<status status="PASS" starttime="20230406 14:30:11.967" endtime="20230406 14:30:12.185"/>
</kw>
<kw name="Press Keys" library="SeleniumLibrary">
<arg>name:username</arg>
<arg>TestSession</arg>
<doc>Simulates the user pressing key(s) to an element or on the active browser.</doc>
<msg timestamp="20230406 14:30:12.187" level="INFO">Sending key(s) ('TestSession',) to name:username element.</msg>
<msg timestamp="20230406 14:30:12.484" level="INFO">Sending keys TestSession</msg>
<status status="PASS" starttime="20230406 14:30:12.186" endtime="20230406 14:30:12.514"/>
</kw>
<kw name="Press Keys" library="SeleniumLibrary">
<arg>name:email</arg>
<arg>${email}</arg>
<doc>Simulates the user pressing key(s) to an element or on the active browser.</doc>
<msg timestamp="20230406 14:30:12.515" level="INFO">Sending key(s) ('qw23@foo.bar',) to name:email element.</msg>
<msg timestamp="20230406 14:30:12.807" level="INFO">Sending keys qw23@foo.bar</msg>
<status status="PASS" starttime="20230406 14:30:12.515" endtime="20230406 14:30:12.835"/>
</kw>
<kw name="Press Keys" library="SeleniumLibrary">
<arg>name:password</arg>
<arg>${password}</arg>
<doc>Simulates the user pressing key(s) to an element or on the active browser.</doc>
<msg timestamp="20230406 14:30:12.837" level="INFO">Sending key(s) ('password',) to name:password element.</msg>
<msg timestamp="20230406 14:30:13.118" level="INFO">Sending keys password</msg>
<status status="PASS" starttime="20230406 14:30:12.836" endtime="20230406 14:30:13.135"/>
</kw>
<kw name="Click Button" library="SeleniumLibrary">
<arg>class:btn-primary</arg>
<doc>Clicks the button identified by ``locator``.</doc>
<msg timestamp="20230406 14:30:13.136" level="INFO">Clicking button 'class:btn-primary'.</msg>
<status status="PASS" starttime="20230406 14:30:13.135" endtime="20230406 14:30:13.360"/>
</kw>
<kw name="Wait Until Page Contains Element" library="SeleniumLibrary">
<arg>class:user-pic</arg>
<doc>Waits until the element ``locator`` appears on the current page.</doc>
<msg timestamp="20230406 14:30:18.517" level="INFO" html="true">&lt;/td&gt;&lt;/tr&gt;&lt;tr&gt;&lt;td colspan="3"&gt;&lt;a href="selenium-screenshot-3.png"&gt;&lt;img src="selenium-screenshot-3.png" width="800px"&gt;&lt;/a&gt;</msg>
<msg timestamp="20230406 14:30:18.517" level="FAIL">Element 'class:user-pic' did not appear in 5 seconds.</msg>
<status status="FAIL" starttime="20230406 14:30:13.360" endtime="20230406 14:30:18.520"/>
</kw>
<kw name="Run Keyword And Ignore Error" library="BuiltIn">
<arg>Close Window</arg>
<doc>Runs the given keyword with the given arguments and ignores possible error.</doc>
<status status="NOT RUN" starttime="20230406 14:30:18.520" endtime="20230406 14:30:18.520"/>
</kw>
<status status="FAIL" starttime="20230406 14:30:06.194" endtime="20230406 14:30:18.521">Element 'class:user-pic' did not appear in 5 seconds.</status>
</test>
<test id="s1-t8" name="SignInGen" line="76">
<kw name="Open Browser" library="SeleniumLibrary">
<arg>${url3}</arg>
<arg>${browser3}</arg>
<doc>Opens a new browser instance to the optional ``url``.</doc>
<msg timestamp="20230406 14:30:18.523" level="INFO">Opening browser 'firefox' to base url 'http://localhost:8080/dist/production/apps/realworld/index.html'.</msg>
<msg timestamp="20230406 14:30:18.524" level="INFO">Firefox driver log is always forced to to: E:\PythonProjects\Nowy folder\log\geckodriver-8.log</msg>
<status status="PASS" starttime="20230406 14:30:18.522" endtime="20230406 14:30:24.042"/>
</kw>
<kw name="SignInGen" library="keywords">
<kw name="Wait Until Page Contains Element" library="SeleniumLibrary">
<arg>id:neo-vnode-6</arg>
<doc>Waits until the element ``locator`` appears on the current page.</doc>
<status status="PASS" starttime="20230406 14:30:24.043" endtime="20230406 14:30:24.268"/>
</kw>
<kw name="Click Element" library="SeleniumLibrary">
<arg>id:neo-vnode-6</arg>
<doc>Click the element identified by ``locator``.</doc>
<msg timestamp="20230406 14:30:24.269" level="INFO">Clicking element 'id:neo-vnode-6'.</msg>
<status status="PASS" starttime="20230406 14:30:24.268" endtime="20230406 14:30:24.310"/>
</kw>
<kw name="Wait Until Page Contains Element" library="SeleniumLibrary">
<arg>name:email</arg>
<doc>Waits until the element ``locator`` appears on the current page.</doc>
<status status="PASS" starttime="20230406 14:30:24.311" endtime="20230406 14:30:24.728"/>
</kw>
<kw name="Name Gen" library="data_generator">
<var>${random_username}</var>
<msg timestamp="20230406 14:30:24.728" level="INFO">${random_username} = mfcaoczvducacnnjbfox</msg>
<status status="PASS" starttime="20230406 14:30:24.728" endtime="20230406 14:30:24.729"/>
</kw>
<kw name="Email Gen" library="data_generator">
<var>${random_email}</var>
<msg timestamp="20230406 14:30:24.729" level="INFO">${random_email} = x3c2tr01qfso@cwawzbiavz.qbsmz</msg>
<status status="PASS" starttime="20230406 14:30:24.729" endtime="20230406 14:30:24.729"/>
</kw>
<kw name="Password Gen" library="data_generator">
<var>${random_password}</var>
<msg timestamp="20230406 14:30:24.729" level="INFO">${random_password} = 1s0g6mimjcjt7hgac8</msg>
<status status="PASS" starttime="20230406 14:30:24.729" endtime="20230406 14:30:24.729"/>
</kw>
<kw name="Press Keys" library="SeleniumLibrary">
<arg>name:username</arg>
<arg>${random_username}</arg>
<doc>Simulates the user pressing key(s) to an element or on the active browser.</doc>
<msg timestamp="20230406 14:30:24.730" level="INFO">Sending key(s) ('mfcaoczvducacnnjbfox',) to name:username element.</msg>
<msg timestamp="20230406 14:30:25.015" level="INFO">Sending keys mfcaoczvducacnnjbfox</msg>
<status status="PASS" starttime="20230406 14:30:24.730" endtime="20230406 14:30:25.058"/>
</kw>
<kw name="Press Keys" library="SeleniumLibrary">
<arg>name:email</arg>
<arg>${random_email}</arg>
<doc>Simulates the user pressing key(s) to an element or on the active browser.</doc>
<msg timestamp="20230406 14:30:25.059" level="INFO">Sending key(s) ('x3c2tr01qfso@cwawzbiavz.qbsmz',) to name:email element.</msg>
<msg timestamp="20230406 14:30:25.341" level="INFO">Sending keys x3c2tr01qfso@cwawzbiavz.qbsmz</msg>
<status status="PASS" starttime="20230406 14:30:25.058" endtime="20230406 14:30:25.395"/>
</kw>
<kw name="Press Keys" library="SeleniumLibrary">
<arg>name:password</arg>
<arg>${random_password}</arg>
<doc>Simulates the user pressing key(s) to an element or on the active browser.</doc>
<msg timestamp="20230406 14:30:25.396" level="INFO">Sending key(s) ('1s0g6mimjcjt7hgac8',) to name:password element.</msg>
<msg timestamp="20230406 14:30:25.677" level="INFO">Sending keys 1s0g6mimjcjt7hgac8</msg>
<status status="PASS" starttime="20230406 14:30:25.395" endtime="20230406 14:30:25.707"/>
</kw>
<kw name="Click Button" library="SeleniumLibrary">
<arg>class:btn-primary</arg>
<doc>Clicks the button identified by ``locator``.</doc>
<msg timestamp="20230406 14:30:25.708" level="INFO">Clicking button 'class:btn-primary'.</msg>
<status status="PASS" starttime="20230406 14:30:25.707" endtime="20230406 14:30:25.929"/>
</kw>
<kw name="Sleep" library="BuiltIn">
<arg>2</arg>
<doc>Pauses the test executed for the given time.</doc>
<msg timestamp="20230406 14:30:27.930" level="INFO">Slept 2 seconds</msg>
<status status="PASS" starttime="20230406 14:30:25.929" endtime="20230406 14:30:27.930"/>
</kw>
<kw name="Get Text" library="SeleniumLibrary">
<var>${check_name}</var>
<arg>id:neo-vnode-47</arg>
<doc>Returns the text value of the element identified by ``locator``.</doc>
<msg timestamp="20230406 14:30:27.972" level="INFO" html="true">&lt;/td&gt;&lt;/tr&gt;&lt;tr&gt;&lt;td colspan="3"&gt;&lt;a href="selenium-screenshot-4.png"&gt;&lt;img src="selenium-screenshot-4.png" width="800px"&gt;&lt;/a&gt;</msg>
<msg timestamp="20230406 14:30:27.973" level="FAIL">Element with locator 'id:neo-vnode-47' not found.</msg>
<status status="FAIL" starttime="20230406 14:30:27.930" endtime="20230406 14:30:27.986"/>
</kw>
<kw name="Should Be Equal As Strings" library="BuiltIn">
<arg>${check_name.strip()}</arg>
<arg>${random_username.strip()}</arg>
<doc>Fails if objects are unequal after converting them to strings.</doc>
<status status="NOT RUN" starttime="20230406 14:30:27.986" endtime="20230406 14:30:27.986"/>
</kw>
<status status="FAIL" starttime="20230406 14:30:24.042" endtime="20230406 14:30:27.986"/>
</kw>
<kw name="Run Keyword And Ignore Error" library="BuiltIn">
<arg>Close Window</arg>
<doc>Runs the given keyword with the given arguments and ignores possible error.</doc>
<status status="NOT RUN" starttime="20230406 14:30:27.987" endtime="20230406 14:30:27.987"/>
</kw>
<status status="FAIL" starttime="20230406 14:30:18.521" endtime="20230406 14:30:27.987">Element with locator 'id:neo-vnode-47' not found.</status>
</test>
<test id="s1-t9" name="Log_out" line="81">
<kw name="Open Browser" library="SeleniumLibrary">
<arg>${url3}</arg>
<arg>${browser3}</arg>
<doc>Opens a new browser instance to the optional ``url``.</doc>
<msg timestamp="20230406 14:30:27.988" level="INFO">Opening browser 'firefox' to base url 'http://localhost:8080/dist/production/apps/realworld/index.html'.</msg>
<msg timestamp="20230406 14:30:27.990" level="INFO">Firefox driver log is always forced to to: E:\PythonProjects\Nowy folder\log\geckodriver-9.log</msg>
<status status="PASS" starttime="20230406 14:30:27.988" endtime="20230406 14:30:33.535"/>
</kw>
<kw name="SignInGen" library="keywords">
<kw name="Wait Until Page Contains Element" library="SeleniumLibrary">
<arg>id:neo-vnode-6</arg>
<doc>Waits until the element ``locator`` appears on the current page.</doc>
<status status="PASS" starttime="20230406 14:30:33.537" endtime="20230406 14:30:33.768"/>
</kw>
<kw name="Click Element" library="SeleniumLibrary">
<arg>id:neo-vnode-6</arg>
<doc>Click the element identified by ``locator``.</doc>
<msg timestamp="20230406 14:30:33.769" level="INFO">Clicking element 'id:neo-vnode-6'.</msg>
<status status="PASS" starttime="20230406 14:30:33.768" endtime="20230406 14:30:33.820"/>
</kw>
<kw name="Wait Until Page Contains Element" library="SeleniumLibrary">
<arg>name:email</arg>
<doc>Waits until the element ``locator`` appears on the current page.</doc>
<status status="PASS" starttime="20230406 14:30:33.821" endtime="20230406 14:30:34.036"/>
</kw>
<kw name="Name Gen" library="data_generator">
<var>${random_username}</var>
<msg timestamp="20230406 14:30:34.036" level="INFO">${random_username} = jjtqkaabfijnwquhuics</msg>
<status status="PASS" starttime="20230406 14:30:34.036" endtime="20230406 14:30:34.036"/>
</kw>
<kw name="Email Gen" library="data_generator">
<var>${random_email}</var>
<msg timestamp="20230406 14:30:34.037" level="INFO">${random_email} = 6njwf7nn2ufh@zplpvxytfy.jxaap</msg>
<status status="PASS" starttime="20230406 14:30:34.037" endtime="20230406 14:30:34.037"/>
</kw>
<kw name="Password Gen" library="data_generator">
<var>${random_password}</var>
<msg timestamp="20230406 14:30:34.037" level="INFO">${random_password} = kx171h1lhois2phlvb</msg>
<status status="PASS" starttime="20230406 14:30:34.037" endtime="20230406 14:30:34.037"/>
</kw>
<kw name="Press Keys" library="SeleniumLibrary">
<arg>name:username</arg>
<arg>${random_username}</arg>
<doc>Simulates the user pressing key(s) to an element or on the active browser.</doc>
<msg timestamp="20230406 14:30:34.038" level="INFO">Sending key(s) ('jjtqkaabfijnwquhuics',) to name:username element.</msg>
<msg timestamp="20230406 14:30:34.333" level="INFO">Sending keys jjtqkaabfijnwquhuics</msg>
<status status="PASS" starttime="20230406 14:30:34.038" endtime="20230406 14:30:34.384"/>
</kw>
<kw name="Press Keys" library="SeleniumLibrary">
<arg>name:email</arg>
<arg>${random_email}</arg>
<doc>Simulates the user pressing key(s) to an element or on the active browser.</doc>
<msg timestamp="20230406 14:30:34.385" level="INFO">Sending key(s) ('6njwf7nn2ufh@zplpvxytfy.jxaap',) to name:email element.</msg>
<msg timestamp="20230406 14:30:34.675" level="INFO">Sending keys 6njwf7nn2ufh@zplpvxytfy.jxaap</msg>
<status status="PASS" starttime="20230406 14:30:34.384" endtime="20230406 14:30:34.721"/>
</kw>
<kw name="Press Keys" library="SeleniumLibrary">
<arg>name:password</arg>
<arg>${random_password}</arg>
<doc>Simulates the user pressing key(s) to an element or on the active browser.</doc>
<msg timestamp="20230406 14:30:34.722" level="INFO">Sending key(s) ('kx171h1lhois2phlvb',) to name:password element.</msg>
<msg timestamp="20230406 14:30:35.010" level="INFO">Sending keys kx171h1lhois2phlvb</msg>
<status status="PASS" starttime="20230406 14:30:34.721" endtime="20230406 14:30:35.043"/>
</kw>
<kw name="Click Button" library="SeleniumLibrary">
<arg>class:btn-primary</arg>
<doc>Clicks the button identified by ``locator``.</doc>
<msg timestamp="20230406 14:30:35.044" level="INFO">Clicking button 'class:btn-primary'.</msg>
<status status="PASS" starttime="20230406 14:30:35.043" endtime="20230406 14:30:35.267"/>
</kw>
<kw name="Sleep" library="BuiltIn">
<arg>2</arg>
<doc>Pauses the test executed for the given time.</doc>
<msg timestamp="20230406 14:30:37.268" level="INFO">Slept 2 seconds</msg>
<status status="PASS" starttime="20230406 14:30:35.268" endtime="20230406 14:30:37.268"/>
</kw>
<kw name="Get Text" library="SeleniumLibrary">
<var>${check_name}</var>
<arg>id:neo-vnode-47</arg>
<doc>Returns the text value of the element identified by ``locator``.</doc>
<msg timestamp="20230406 14:30:37.308" level="INFO" html="true">&lt;/td&gt;&lt;/tr&gt;&lt;tr&gt;&lt;td colspan="3"&gt;&lt;a href="selenium-screenshot-5.png"&gt;&lt;img src="selenium-screenshot-5.png" width="800px"&gt;&lt;/a&gt;</msg>
<msg timestamp="20230406 14:30:37.309" level="FAIL">Element with locator 'id:neo-vnode-47' not found.</msg>
<status status="FAIL" starttime="20230406 14:30:37.269" endtime="20230406 14:30:37.310"/>
</kw>
<kw name="Should Be Equal As Strings" library="BuiltIn">
<arg>${check_name.strip()}</arg>
<arg>${random_username.strip()}</arg>
<doc>Fails if objects are unequal after converting them to strings.</doc>
<status status="NOT RUN" starttime="20230406 14:30:37.310" endtime="20230406 14:30:37.310"/>
</kw>
<status status="FAIL" starttime="20230406 14:30:33.536" endtime="20230406 14:30:37.311"/>
</kw>
<kw name="Wait Until Page Contains Element" library="SeleniumLibrary">
<arg>id:neo-vnode-233</arg>
<doc>Waits until the element ``locator`` appears on the current page.</doc>
<status status="NOT RUN" starttime="20230406 14:30:37.311" endtime="20230406 14:30:37.311"/>
</kw>
<kw name="Click Button" library="SeleniumLibrary">
<arg>id:neo-vnode-233</arg>
<doc>Clicks the button identified by ``locator``.</doc>
<status status="NOT RUN" starttime="20230406 14:30:37.311" endtime="20230406 14:30:37.311"/>
</kw>
<kw name="Click Button" library="SeleniumLibrary">
<arg>id:ne-vnode-324</arg>
<doc>Clicks the button identified by ``locator``.</doc>
<status status="NOT RUN" starttime="20230406 14:30:37.311" endtime="20230406 14:30:37.311"/>
</kw>
<kw name="Run Keyword And Ignore Error" library="BuiltIn">
<arg>Close Window</arg>
<doc>Runs the given keyword with the given arguments and ignores possible error.</doc>
<status status="NOT RUN" starttime="20230406 14:30:37.312" endtime="20230406 14:30:37.312"/>
</kw>
<status status="FAIL" starttime="20230406 14:30:27.987" endtime="20230406 14:30:37.312">Element with locator 'id:neo-vnode-47' not found.</status>
</test>
<test id="s1-t10" name="Should_Title_Match" line="90">
<kw name="Open Browser" library="SeleniumLibrary">
<arg>${url3}</arg>
<arg>${browser3}</arg>
<doc>Opens a new browser instance to the optional ``url``.</doc>
<msg timestamp="20230406 14:30:37.315" level="INFO">Opening browser 'firefox' to base url 'http://localhost:8080/dist/production/apps/realworld/index.html'.</msg>
<msg timestamp="20230406 14:30:37.318" level="INFO">Firefox driver log is always forced to to: E:\PythonProjects\Nowy folder\log\geckodriver-10.log</msg>
<status status="PASS" starttime="20230406 14:30:37.313" endtime="20230406 14:30:42.918"/>
</kw>
<kw name="Wait Until Page Contains Element" library="SeleniumLibrary">
<arg>id:neo-vnode-35</arg>
<doc>Waits until the element ``locator`` appears on the current page.</doc>
<status status="PASS" starttime="20230406 14:30:42.919" endtime="20230406 14:30:44.384"/>
</kw>
<kw name="Get Text" library="SeleniumLibrary">
<var>${get_title1}</var>
<arg>id:neo-vnode-35</arg>
<doc>Returns the text value of the element identified by ``locator``.</doc>
<msg timestamp="20230406 14:30:44.420" level="INFO">${get_title1} = If we quantify the alarm, we can get to the FTP pixel through the online SSL interface!</msg>
<status status="PASS" starttime="20230406 14:30:44.385" endtime="20230406 14:30:44.420"/>
</kw>
<kw name="Click Element" library="SeleniumLibrary">
<arg>id:neo-vnode-35</arg>
<doc>Click the element identified by ``locator``.</doc>
<msg timestamp="20230406 14:30:44.421" level="INFO">Clicking element 'id:neo-vnode-35'.</msg>
<status status="PASS" starttime="20230406 14:30:44.420" endtime="20230406 14:30:44.464"/>
</kw>
<kw name="Get Text" library="SeleniumLibrary">
<var>${get_title2}</var>
<arg>xpath://*[@id="neo-vnode-10"]</arg>
<doc>Returns the text value of the element identified by ``locator``.</doc>
<msg timestamp="20230406 14:30:44.480" level="INFO">${get_title2} = conduit</msg>
<status status="PASS" starttime="20230406 14:30:44.465" endtime="20230406 14:30:44.481"/>
</kw>
<kw name="Should Be Equal" library="BuiltIn">
<arg>${get_title2}</arg>
<arg>${get_title1}</arg>
<doc>Fails if the given objects are unequal.</doc>
<msg timestamp="20230406 14:30:44.482" level="FAIL">conduit != If we quantify the alarm, we can get to the FTP pixel through the online SSL interface!</msg>
<status status="FAIL" starttime="20230406 14:30:44.481" endtime="20230406 14:30:44.482"/>
</kw>
<kw name="Run Keyword And Ignore Error" library="BuiltIn">
<arg>Close Window</arg>
<doc>Runs the given keyword with the given arguments and ignores possible error.</doc>
<status status="NOT RUN" starttime="20230406 14:30:44.483" endtime="20230406 14:30:44.483"/>
</kw>
<status status="FAIL" starttime="20230406 14:30:37.312" endtime="20230406 14:30:44.483">conduit != If we quantify the alarm, we can get to the FTP pixel through the online SSL interface!</status>
</test>
<test id="s1-t11" name="Rating_should_+1" line="100">
<kw name="Open Browser" library="SeleniumLibrary">
<arg>${url3}</arg>
<arg>${browser3}</arg>
<doc>Opens a new browser instance to the optional ``url``.</doc>
<msg timestamp="20230406 14:30:44.486" level="INFO">Opening browser 'firefox' to base url 'http://localhost:8080/dist/production/apps/realworld/index.html'.</msg>
<msg timestamp="20230406 14:30:44.490" level="INFO">Firefox driver log is always forced to to: E:\PythonProjects\Nowy folder\log\geckodriver-11.log</msg>
<status status="PASS" starttime="20230406 14:30:44.484" endtime="20230406 14:30:50.393"/>
</kw>
<kw name="Wait Until Page Contains Element" library="SeleniumLibrary">
<arg>id:neo-vnode-20</arg>
<doc>Waits until the element ``locator`` appears on the current page.</doc>
<status status="PASS" starttime="20230406 14:30:50.393" endtime="20230406 14:30:50.618"/>
</kw>
<kw name="Get Text" library="SeleniumLibrary">
<var>${RatingBefore}</var>
<arg>id:neo-vnode-33</arg>
<doc>Returns the text value of the element identified by ``locator``.</doc>
<msg timestamp="20230406 14:30:50.665" level="INFO" html="true">&lt;/td&gt;&lt;/tr&gt;&lt;tr&gt;&lt;td colspan="3"&gt;&lt;a href="selenium-screenshot-6.png"&gt;&lt;img src="selenium-screenshot-6.png" width="800px"&gt;&lt;/a&gt;</msg>
<msg timestamp="20230406 14:30:50.666" level="FAIL">Element with locator 'id:neo-vnode-33' not found.</msg>
<status status="FAIL" starttime="20230406 14:30:50.618" endtime="20230406 14:30:50.668"/>
</kw>
<kw name="Convert To Number" library="BuiltIn">
<var>${RatingBefore}</var>
<arg>${RatingBefore}</arg>
<doc>Converts the given item to a floating point number.</doc>
<status status="NOT RUN" starttime="20230406 14:30:50.669" endtime="20230406 14:30:50.669"/>
</kw>
<kw name="Click Element" library="SeleniumLibrary">
<arg>id:neo-vnode-33</arg>
<doc>Click the element identified by ``locator``.</doc>
<status status="NOT RUN" starttime="20230406 14:30:50.669" endtime="20230406 14:30:50.669"/>
</kw>
<kw name="Get Text" library="SeleniumLibrary">
<var>${ratingAfter}</var>
<arg>id:neo-vnode-33</arg>
<doc>Returns the text value of the element identified by ``locator``.</doc>
<status status="NOT RUN" starttime="20230406 14:30:50.669" endtime="20230406 14:30:50.670"/>
</kw>
<kw name="Convert To Number" library="BuiltIn">
<var>${ratingAfter}</var>
<arg>${ratingAfter}</arg>
<doc>Converts the given item to a floating point number.</doc>
<status status="NOT RUN" starttime="20230406 14:30:50.670" endtime="20230406 14:30:50.670"/>
</kw>
<kw name="Should Be Equal" library="BuiltIn">
<arg>${ratingAfter}</arg>
<arg>${RatingBefore+1}</arg>
<doc>Fails if the given objects are unequal.</doc>
<status status="NOT RUN" starttime="20230406 14:30:50.671" endtime="20230406 14:30:50.671"/>
</kw>
<kw name="Click Element" library="SeleniumLibrary">
<arg>id:neo-vnode-33</arg>
<doc>Click the element identified by ``locator``.</doc>
<status status="NOT RUN" starttime="20230406 14:30:50.671" endtime="20230406 14:30:50.671"/>
</kw>
<kw name="Run Keyword And Ignore Error" library="BuiltIn">
<arg>Close Window</arg>
<doc>Runs the given keyword with the given arguments and ignores possible error.</doc>
<status status="NOT RUN" starttime="20230406 14:30:50.672" endtime="20230406 14:30:50.672"/>
</kw>
<status status="FAIL" starttime="20230406 14:30:44.484" endtime="20230406 14:30:50.672">Element with locator 'id:neo-vnode-33' not found.</status>
</test>
<test id="s1-t12" name="Rating_should_back" line="112">
<kw name="Open Browser" library="SeleniumLibrary">
<arg>${url3}</arg>
<arg>${browser3}</arg>
<doc>Opens a new browser instance to the optional ``url``.</doc>
<msg timestamp="20230406 14:30:50.675" level="INFO">Opening browser 'firefox' to base url 'http://localhost:8080/dist/production/apps/realworld/index.html'.</msg>
<msg timestamp="20230406 14:30:50.678" level="INFO">Firefox driver log is always forced to to: E:\PythonProjects\Nowy folder\log\geckodriver-12.log</msg>
<status status="PASS" starttime="20230406 14:30:50.674" endtime="20230406 14:30:56.667"/>
</kw>
<kw name="Wait Until Page Contains Element" library="SeleniumLibrary">
<arg>id:neo-vnode-20</arg>
<doc>Waits until the element ``locator`` appears on the current page.</doc>
<status status="PASS" starttime="20230406 14:30:56.667" endtime="20230406 14:30:56.893"/>
</kw>
<kw name="Get Text" library="SeleniumLibrary">
<var>${RatingBefore}</var>
<arg>id:neo-vnode-33</arg>
<doc>Returns the text value of the element identified by ``locator``.</doc>
<msg timestamp="20230406 14:30:56.931" level="INFO" html="true">&lt;/td&gt;&lt;/tr&gt;&lt;tr&gt;&lt;td colspan="3"&gt;&lt;a href="selenium-screenshot-7.png"&gt;&lt;img src="selenium-screenshot-7.png" width="800px"&gt;&lt;/a&gt;</msg>
<msg timestamp="20230406 14:30:56.931" level="FAIL">Element with locator 'id:neo-vnode-33' not found.</msg>
<status status="FAIL" starttime="20230406 14:30:56.893" endtime="20230406 14:30:56.934"/>
</kw>
<kw name="Convert To Number" library="BuiltIn">
<var>${RatingBefore}</var>
<arg>${RatingBefore}</arg>
<doc>Converts the given item to a floating point number.</doc>
<status status="NOT RUN" starttime="20230406 14:30:56.935" endtime="20230406 14:30:56.935"/>
</kw>
<kw name="Click Element" library="SeleniumLibrary">
<arg>id:neo-vnode-33</arg>
<doc>Click the element identified by ``locator``.</doc>
<status status="NOT RUN" starttime="20230406 14:30:56.935" endtime="20230406 14:30:56.935"/>
</kw>
<kw name="Click Element" library="SeleniumLibrary">
<arg>id:neo-vnode-33</arg>
<doc>Click the element identified by ``locator``.</doc>
<status status="NOT RUN" starttime="20230406 14:30:56.935" endtime="20230406 14:30:56.935"/>
</kw>
<kw name="Get Text" library="SeleniumLibrary">
<var>${ratingFinal}</var>
<arg>id:neo-vnode-33</arg>
<doc>Returns the text value of the element identified by ``locator``.</doc>
<status status="NOT RUN" starttime="20230406 14:30:56.936" endtime="20230406 14:30:56.936"/>
</kw>
<kw name="Convert To Number" library="BuiltIn">
<var>${ratingFinal}</var>
<arg>${ratingFinal}</arg>
<doc>Converts the given item to a floating point number.</doc>
<status status="NOT RUN" starttime="20230406 14:30:56.936" endtime="20230406 14:30:56.936"/>
</kw>
<kw name="Should Be Equal" library="BuiltIn">
<arg>${ratingFinal}</arg>
<arg>${RatingBefore}</arg>
<doc>Fails if the given objects are unequal.</doc>
<status status="NOT RUN" starttime="20230406 14:30:56.936" endtime="20230406 14:30:56.936"/>
</kw>
<kw name="Run Keyword And Ignore Error" library="BuiltIn">
<arg>Close Window</arg>
<doc>Runs the given keyword with the given arguments and ignores possible error.</doc>
<status status="NOT RUN" starttime="20230406 14:30:56.936" endtime="20230406 14:30:56.937"/>
</kw>
<status status="FAIL" starttime="20230406 14:30:50.673" endtime="20230406 14:30:56.937">Element with locator 'id:neo-vnode-33' not found.</status>
</test>
<test id="s1-t13" name="Tags_should_not_be_empty" line="124">
<kw name="Open Browser" library="SeleniumLibrary">
<arg>${url3}</arg>
<arg>${browser3}</arg>
<doc>Opens a new browser instance to the optional ``url``.</doc>
<msg timestamp="20230406 14:30:56.940" level="INFO">Opening browser 'firefox' to base url 'http://localhost:8080/dist/production/apps/realworld/index.html'.</msg>
<msg timestamp="20230406 14:30:56.943" level="INFO">Firefox driver log is always forced to to: E:\PythonProjects\Nowy folder\log\geckodriver-13.log</msg>
<status status="PASS" starttime="20230406 14:30:56.938" endtime="20230406 14:31:04.563"/>
</kw>
<kw name="Wait Until Page Contains Element" library="SeleniumLibrary">
<arg>id:neo-vnode-20</arg>
<doc>Waits until the element ``locator`` appears on the current page.</doc>
<status status="PASS" starttime="20230406 14:31:04.563" endtime="20230406 14:31:06.660"/>
</kw>
<kw name="Should Not Be Empty" library="BuiltIn">
<arg>class:tag-list</arg>
<doc>Verifies that the given item is not empty.</doc>
<msg timestamp="20230406 14:31:06.661" level="INFO">Length is 14</msg>
<status status="PASS" starttime="20230406 14:31:06.661" endtime="20230406 14:31:06.661"/>
</kw>
<kw name="Run Keyword And Ignore Error" library="BuiltIn">
<arg>Close Window</arg>
<doc>Runs the given keyword with the given arguments and ignores possible error.</doc>
<kw name="Close Window" library="SeleniumLibrary">
<doc>Closes currently opened and selected browser window/tab.</doc>
<status status="PASS" starttime="20230406 14:31:06.662" endtime="20230406 14:31:16.076"/>
</kw>
<status status="PASS" starttime="20230406 14:31:06.661" endtime="20230406 14:31:16.077"/>
</kw>
<status status="PASS" starttime="20230406 14:30:56.937" endtime="20230406 14:31:16.077"/>
</test>
<test id="s1-t14" name="Article_title_on_a_list" line="130">
<kw name="Open Browser" library="SeleniumLibrary">
<arg>${url3}</arg>
<arg>${browser3}</arg>
<doc>Opens a new browser instance to the optional ``url``.</doc>
<msg timestamp="20230406 14:31:16.079" level="INFO">Opening browser 'firefox' to base url 'http://localhost:8080/dist/production/apps/realworld/index.html'.</msg>
<msg timestamp="20230406 14:31:16.081" level="INFO">Firefox driver log is always forced to to: E:\PythonProjects\Nowy folder\log\geckodriver-14.log</msg>
<status status="PASS" starttime="20230406 14:31:16.078" endtime="20230406 14:31:21.895"/>
</kw>
<kw name="Wait Until Page Contains Element" library="SeleniumLibrary">
<arg>id:neo-vnode-20</arg>
<doc>Waits until the element ``locator`` appears on the current page.</doc>
<status status="PASS" starttime="20230406 14:31:21.896" endtime="20230406 14:31:22.119"/>
</kw>
<kw name="Should Not Be Empty" library="BuiltIn">
<arg>id:neo-vnode-35</arg>
<doc>Verifies that the given item is not empty.</doc>
<msg timestamp="20230406 14:31:22.119" level="INFO">Length is 15</msg>
<status status="PASS" starttime="20230406 14:31:22.119" endtime="20230406 14:31:22.119"/>
</kw>
<kw name="Run Keyword And Ignore Error" library="BuiltIn">
<arg>Close Window</arg>
<doc>Runs the given keyword with the given arguments and ignores possible error.</doc>
<kw name="Close Window" library="SeleniumLibrary">
<doc>Closes currently opened and selected browser window/tab.</doc>
<status status="PASS" starttime="20230406 14:31:22.120" endtime="20230406 14:31:23.133"/>
</kw>
<status status="PASS" starttime="20230406 14:31:22.119" endtime="20230406 14:31:23.134"/>
</kw>
<status status="PASS" starttime="20230406 14:31:16.077" endtime="20230406 14:31:23.134"/>
</test>
<test id="s1-t15" name="Article_description_on_a_list" line="136">
<kw name="Open Browser" library="SeleniumLibrary">
<arg>${url3}</arg>
<arg>${browser3}</arg>
<doc>Opens a new browser instance to the optional ``url``.</doc>
<msg timestamp="20230406 14:31:23.135" level="INFO">Opening browser 'firefox' to base url 'http://localhost:8080/dist/production/apps/realworld/index.html'.</msg>
<msg timestamp="20230406 14:31:23.137" level="INFO">Firefox driver log is always forced to to: E:\PythonProjects\Nowy folder\log\geckodriver-15.log</msg>
<status status="PASS" starttime="20230406 14:31:23.135" endtime="20230406 14:31:28.619"/>
</kw>
<kw name="Wait Until Page Contains Element" library="SeleniumLibrary">
<arg>id:neo-vnode-20</arg>
<doc>Waits until the element ``locator`` appears on the current page.</doc>
<status status="PASS" starttime="20230406 14:31:28.620" endtime="20230406 14:31:28.844"/>
</kw>
<kw name="Should Not Be Empty" library="BuiltIn">
<arg>id:neo-vnode-36</arg>
<doc>Verifies that the given item is not empty.</doc>
<msg timestamp="20230406 14:31:28.845" level="INFO">Length is 15</msg>
<status status="PASS" starttime="20230406 14:31:28.845" endtime="20230406 14:31:28.845"/>
</kw>
<kw name="Run Keyword And Ignore Error" library="BuiltIn">
<arg>Close Window</arg>
<doc>Runs the given keyword with the given arguments and ignores possible error.</doc>
<kw name="Close Window" library="SeleniumLibrary">
<doc>Closes currently opened and selected browser window/tab.</doc>
<status status="PASS" starttime="20230406 14:31:28.846" endtime="20230406 14:31:29.920"/>
</kw>
<status status="PASS" starttime="20230406 14:31:28.845" endtime="20230406 14:31:29.920"/>
</kw>
<status status="PASS" starttime="20230406 14:31:23.134" endtime="20230406 14:31:29.920"/>
</test>
<test id="s1-t16" name="Article_author_on_a_list" line="142">
<kw name="Open Browser" library="SeleniumLibrary">
<arg>${url3}</arg>
<arg>${browser3}</arg>
<doc>Opens a new browser instance to the optional ``url``.</doc>
<msg timestamp="20230406 14:31:29.922" level="INFO">Opening browser 'firefox' to base url 'http://localhost:8080/dist/production/apps/realworld/index.html'.</msg>
<msg timestamp="20230406 14:31:29.924" level="INFO">Firefox driver log is always forced to to: E:\PythonProjects\Nowy folder\log\geckodriver-16.log</msg>
<status status="PASS" starttime="20230406 14:31:29.921" endtime="20230406 14:31:35.446"/>
</kw>
<kw name="Wait Until Page Contains Element" library="SeleniumLibrary">
<arg>id:neo-vnode-20</arg>
<doc>Waits until the element ``locator`` appears on the current page.</doc>
<status status="PASS" starttime="20230406 14:31:35.446" endtime="20230406 14:31:35.667"/>
</kw>
<kw name="Should Not Be Empty" library="BuiltIn">
<arg>id:neo-vnode-29</arg>
<doc>Verifies that the given item is not empty.</doc>
<msg timestamp="20230406 14:31:35.668" level="INFO">Length is 15</msg>
<status status="PASS" starttime="20230406 14:31:35.667" endtime="20230406 14:31:35.668"/>
</kw>
<kw name="Run Keyword And Ignore Error" library="BuiltIn">
<arg>Close Window</arg>
<doc>Runs the given keyword with the given arguments and ignores possible error.</doc>
<kw name="Close Window" library="SeleniumLibrary">
<doc>Closes currently opened and selected browser window/tab.</doc>
<status status="PASS" starttime="20230406 14:31:35.668" endtime="20230406 14:31:36.658"/>
</kw>
<status status="PASS" starttime="20230406 14:31:35.668" endtime="20230406 14:31:36.658"/>
</kw>
<status status="PASS" starttime="20230406 14:31:29.920" endtime="20230406 14:31:36.658"/>
</test>
<test id="s1-t17" name="Article_tags_on_a_list" line="148">
<kw name="Open Browser" library="SeleniumLibrary">
<arg>${url3}</arg>
<arg>${browser3}</arg>
<doc>Opens a new browser instance to the optional ``url``.</doc>
<msg timestamp="20230406 14:31:36.660" level="INFO">Opening browser 'firefox' to base url 'http://localhost:8080/dist/production/apps/realworld/index.html'.</msg>
<msg timestamp="20230406 14:31:36.662" level="INFO">Firefox driver log is always forced to to: E:\PythonProjects\Nowy folder\log\geckodriver-17.log</msg>
<status status="PASS" starttime="20230406 14:31:36.659" endtime="20230406 14:31:42.327"/>
</kw>
<kw name="Wait Until Page Contains Element" library="SeleniumLibrary">
<arg>id:neo-vnode-20</arg>
<doc>Waits until the element ``locator`` appears on the current page.</doc>
<status status="PASS" starttime="20230406 14:31:42.328" endtime="20230406 14:31:42.552"/>
</kw>
<kw name="Should Not Be Empty" library="BuiltIn">
<arg>id:neo-vnode-42</arg>
<doc>Verifies that the given item is not empty.</doc>
<msg timestamp="20230406 14:31:42.552" level="INFO">Length is 15</msg>
<status status="PASS" starttime="20230406 14:31:42.552" endtime="20230406 14:31:42.552"/>
</kw>
<kw name="Run Keyword And Ignore Error" library="BuiltIn">
<arg>Close Window</arg>
<doc>Runs the given keyword with the given arguments and ignores possible error.</doc>
<kw name="Close Window" library="SeleniumLibrary">
<doc>Closes currently opened and selected browser window/tab.</doc>
<status status="PASS" starttime="20230406 14:31:42.553" endtime="20230406 14:31:43.357"/>
</kw>
<status status="PASS" starttime="20230406 14:31:42.553" endtime="20230406 14:31:43.357"/>
</kw>
<status status="PASS" starttime="20230406 14:31:36.659" endtime="20230406 14:31:43.358"/>
</test>
<test id="s1-t18" name="Adding_comment_unlog" line="154">
<kw name="Open Browser" library="SeleniumLibrary">
<arg>${url3}</arg>
<arg>${browser3}</arg>
<doc>Opens a new browser instance to the optional ``url``.</doc>
<msg timestamp="20230406 14:31:43.359" level="INFO">Opening browser 'firefox' to base url 'http://localhost:8080/dist/production/apps/realworld/index.html'.</msg>
<msg timestamp="20230406 14:31:43.361" level="INFO">Firefox driver log is always forced to to: E:\PythonProjects\Nowy folder\log\geckodriver-18.log</msg>
<status status="PASS" starttime="20230406 14:31:43.358" endtime="20230406 14:31:48.920"/>
</kw>
<kw name="Wait Until Page Contains Element" library="SeleniumLibrary">
<arg>id:neo-vnode-20</arg>
<doc>Waits until the element ``locator`` appears on the current page.</doc>
<status status="PASS" starttime="20230406 14:31:48.921" endtime="20230406 14:31:49.145"/>
</kw>
<kw name="Click Element" library="SeleniumLibrary">
<arg>id:neo-vnode-136</arg>
<doc>Click the element identified by ``locator``.</doc>
<msg timestamp="20230406 14:31:49.146" level="INFO">Clicking element 'id:neo-vnode-136'.</msg>
<msg timestamp="20230406 14:31:49.181" level="INFO" html="true">&lt;/td&gt;&lt;/tr&gt;&lt;tr&gt;&lt;td colspan="3"&gt;&lt;a href="selenium-screenshot-8.png"&gt;&lt;img src="selenium-screenshot-8.png" width="800px"&gt;&lt;/a&gt;</msg>
<msg timestamp="20230406 14:31:49.181" level="FAIL">Element with locator 'id:neo-vnode-136' not found.</msg>
<status status="FAIL" starttime="20230406 14:31:49.145" endtime="20230406 14:31:49.184"/>
</kw>
<kw name="Wait Until Page Contains Element" library="SeleniumLibrary">
<arg>id:neo-vnode-247</arg>
<doc>Waits until the element ``locator`` appears on the current page.</doc>
<status status="NOT RUN" starttime="20230406 14:31:49.184" endtime="20230406 14:31:49.185"/>
</kw>
<kw name="Press Keys" library="SeleniumLibrary">
<arg>id:neo-component-16__input</arg>
<arg>test_test</arg>
<doc>Simulates the user pressing key(s) to an element or on the active browser.</doc>
<status status="NOT RUN" starttime="20230406 14:31:49.185" endtime="20230406 14:31:49.185"/>
</kw>
<kw name="Click Element" library="SeleniumLibrary">
<arg>id:neo-vnode-247</arg>
<doc>Click the element identified by ``locator``.</doc>
<status status="NOT RUN" starttime="20230406 14:31:49.186" endtime="20230406 14:31:49.186"/>
</kw>
<kw name="Run Keyword And Ignore Error" library="BuiltIn">
<arg>Close Window</arg>
<doc>Runs the given keyword with the given arguments and ignores possible error.</doc>
<status status="NOT RUN" starttime="20230406 14:31:49.186" endtime="20230406 14:31:49.186"/>
</kw>
<status status="FAIL" starttime="20230406 14:31:43.358" endtime="20230406 14:31:49.187">Element with locator 'id:neo-vnode-136' not found.</status>
</test>
<test id="s1-t19" name="Adding_empty_comment_unlog" line="164">
<kw name="Open Browser" library="SeleniumLibrary">
<arg>${url3}</arg>
<arg>${browser3}</arg>
<doc>Opens a new browser instance to the optional ``url``.</doc>
<msg timestamp="20230406 14:31:49.189" level="INFO">Opening browser 'firefox' to base url 'http://localhost:8080/dist/production/apps/realworld/index.html'.</msg>
<msg timestamp="20230406 14:31:49.193" level="INFO">Firefox driver log is always forced to to: E:\PythonProjects\Nowy folder\log\geckodriver-19.log</msg>
<status status="PASS" starttime="20230406 14:31:49.188" endtime="20230406 14:31:54.950"/>
</kw>
<kw name="Wait Until Page Contains Element" library="SeleniumLibrary">
<arg>id:neo-vnode-20</arg>
<doc>Waits until the element ``locator`` appears on the current page.</doc>
<status status="PASS" starttime="20230406 14:31:54.950" endtime="20230406 14:31:55.171"/>
</kw>
<kw name="Click Element" library="SeleniumLibrary">
<arg>id:neo-vnode-136</arg>
<doc>Click the element identified by ``locator``.</doc>
<msg timestamp="20230406 14:31:55.172" level="INFO">Clicking element 'id:neo-vnode-136'.</msg>
<msg timestamp="20230406 14:31:55.209" level="INFO" html="true">&lt;/td&gt;&lt;/tr&gt;&lt;tr&gt;&lt;td colspan="3"&gt;&lt;a href="selenium-screenshot-9.png"&gt;&lt;img src="selenium-screenshot-9.png" width="800px"&gt;&lt;/a&gt;</msg>
<msg timestamp="20230406 14:31:55.209" level="FAIL">Element with locator 'id:neo-vnode-136' not found.</msg>
<status status="FAIL" starttime="20230406 14:31:55.172" endtime="20230406 14:31:55.211"/>
</kw>
<kw name="Wait Until Page Contains Element" library="SeleniumLibrary">
<arg>id:neo-vnode-247</arg>
<doc>Waits until the element ``locator`` appears on the current page.</doc>
<status status="NOT RUN" starttime="20230406 14:31:55.211" endtime="20230406 14:31:55.211"/>
</kw>
<kw name="Click Element" library="SeleniumLibrary">
<arg>id:neo-vnode-247</arg>
<doc>Click the element identified by ``locator``.</doc>
<status status="NOT RUN" starttime="20230406 14:31:55.212" endtime="20230406 14:31:55.212"/>
</kw>
<kw name="Run Keyword And Ignore Error" library="BuiltIn">
<arg>Close Window</arg>
<doc>Runs the given keyword with the given arguments and ignores possible error.</doc>
<status status="NOT RUN" starttime="20230406 14:31:55.212" endtime="20230406 14:31:55.212"/>
</kw>
<status status="FAIL" starttime="20230406 14:31:49.187" endtime="20230406 14:31:55.212">Element with locator 'id:neo-vnode-136' not found.</status>
</test>
<test id="s1-t20" name="Log_in" line="173">
<kw name="Open Browser" library="SeleniumLibrary">
<arg>${url3}</arg>
<arg>${browser3}</arg>
<doc>Opens a new browser instance to the optional ``url``.</doc>
<msg timestamp="20230406 14:31:55.214" level="INFO">Opening browser 'firefox' to base url 'http://localhost:8080/dist/production/apps/realworld/index.html'.</msg>
<msg timestamp="20230406 14:31:55.218" level="INFO">Firefox driver log is always forced to to: E:\PythonProjects\Nowy folder\log\geckodriver-20.log</msg>
<status status="PASS" starttime="20230406 14:31:55.213" endtime="20230406 14:32:01.105"/>
</kw>
<kw name="SignInGen" library="keywords">
<kw name="Wait Until Page Contains Element" library="SeleniumLibrary">
<arg>id:neo-vnode-6</arg>
<doc>Waits until the element ``locator`` appears on the current page.</doc>
<status status="PASS" starttime="20230406 14:32:01.106" endtime="20230406 14:32:01.329"/>
</kw>
<kw name="Click Element" library="SeleniumLibrary">
<arg>id:neo-vnode-6</arg>
<doc>Click the element identified by ``locator``.</doc>
<msg timestamp="20230406 14:32:01.330" level="INFO">Clicking element 'id:neo-vnode-6'.</msg>
<status status="PASS" starttime="20230406 14:32:01.329" endtime="20230406 14:32:01.373"/>
</kw>
<kw name="Wait Until Page Contains Element" library="SeleniumLibrary">
<arg>name:email</arg>
<doc>Waits until the element ``locator`` appears on the current page.</doc>
<status status="PASS" starttime="20230406 14:32:01.373" endtime="20230406 14:32:01.584"/>
</kw>
<kw name="Name Gen" library="data_generator">
<var>${random_username}</var>
<msg timestamp="20230406 14:32:01.585" level="INFO">${random_username} = anuijwkluciyiipdjjek</msg>
<status status="PASS" starttime="20230406 14:32:01.585" endtime="20230406 14:32:01.585"/>
</kw>
<kw name="Email Gen" library="data_generator">
<var>${random_email}</var>
<msg timestamp="20230406 14:32:01.586" level="INFO">${random_email} = v6jrci4jom9n@jbdsezfrnp.flkwy</msg>
<status status="PASS" starttime="20230406 14:32:01.585" endtime="20230406 14:32:01.586"/>
</kw>
<kw name="Password Gen" library="data_generator">
<var>${random_password}</var>
<msg timestamp="20230406 14:32:01.586" level="INFO">${random_password} = jhbs7i37lw4va7f1vz</msg>
<status status="PASS" starttime="20230406 14:32:01.586" endtime="20230406 14:32:01.586"/>
</kw>
<kw name="Press Keys" library="SeleniumLibrary">
<arg>name:username</arg>
<arg>${random_username}</arg>
<doc>Simulates the user pressing key(s) to an element or on the active browser.</doc>
<msg timestamp="20230406 14:32:01.587" level="INFO">Sending key(s) ('anuijwkluciyiipdjjek',) to name:username element.</msg>
<msg timestamp="20230406 14:32:01.887" level="INFO">Sending keys anuijwkluciyiipdjjek</msg>
<status status="PASS" starttime="20230406 14:32:01.587" endtime="20230406 14:32:01.928"/>
</kw>
<kw name="Press Keys" library="SeleniumLibrary">
<arg>name:email</arg>
<arg>${random_email}</arg>
<doc>Simulates the user pressing key(s) to an element or on the active browser.</doc>
<msg timestamp="20230406 14:32:01.929" level="INFO">Sending key(s) ('v6jrci4jom9n@jbdsezfrnp.flkwy',) to name:email element.</msg>
<msg timestamp="20230406 14:32:02.210" level="INFO">Sending keys v6jrci4jom9n@jbdsezfrnp.flkwy</msg>
<status status="PASS" starttime="20230406 14:32:01.929" endtime="20230406 14:32:02.257"/>
</kw>
<kw name="Press Keys" library="SeleniumLibrary">
<arg>name:password</arg>
<arg>${random_password}</arg>
<doc>Simulates the user pressing key(s) to an element or on the active browser.</doc>
<msg timestamp="20230406 14:32:02.258" level="INFO">Sending key(s) ('jhbs7i37lw4va7f1vz',) to name:password element.</msg>
<msg timestamp="20230406 14:32:02.550" level="INFO">Sending keys jhbs7i37lw4va7f1vz</msg>
<status status="PASS" starttime="20230406 14:32:02.258" endtime="20230406 14:32:02.580"/>
</kw>
<kw name="Click Button" library="SeleniumLibrary">
<arg>class:btn-primary</arg>
<doc>Clicks the button identified by ``locator``.</doc>
<msg timestamp="20230406 14:32:02.581" level="INFO">Clicking button 'class:btn-primary'.</msg>
<status status="PASS" starttime="20230406 14:32:02.581" endtime="20230406 14:32:02.818"/>
</kw>
<kw name="Sleep" library="BuiltIn">
<arg>2</arg>
<doc>Pauses the test executed for the given time.</doc>
<msg timestamp="20230406 14:32:04.819" level="INFO">Slept 2 seconds</msg>
<status status="PASS" starttime="20230406 14:32:02.819" endtime="20230406 14:32:04.819"/>
</kw>
<kw name="Get Text" library="SeleniumLibrary">
<var>${check_name}</var>
<arg>id:neo-vnode-47</arg>
<doc>Returns the text value of the element identified by ``locator``.</doc>
<msg timestamp="20230406 14:32:04.857" level="INFO" html="true">&lt;/td&gt;&lt;/tr&gt;&lt;tr&gt;&lt;td colspan="3"&gt;&lt;a href="selenium-screenshot-10.png"&gt;&lt;img src="selenium-screenshot-10.png" width="800px"&gt;&lt;/a&gt;</msg>
<msg timestamp="20230406 14:32:04.857" level="FAIL">Element with locator 'id:neo-vnode-47' not found.</msg>
<status status="FAIL" starttime="20230406 14:32:04.820" endtime="20230406 14:32:04.858"/>
</kw>
<kw name="Should Be Equal As Strings" library="BuiltIn">
<arg>${check_name.strip()}</arg>
<arg>${random_username.strip()}</arg>
<doc>Fails if objects are unequal after converting them to strings.</doc>
<status status="NOT RUN" starttime="20230406 14:32:04.859" endtime="20230406 14:32:04.859"/>
</kw>
<status status="FAIL" starttime="20230406 14:32:01.105" endtime="20230406 14:32:04.859"/>
</kw>
<status status="FAIL" starttime="20230406 14:31:55.213" endtime="20230406 14:32:04.859">Element with locator 'id:neo-vnode-47' not found.</status>
</test>
<test id="s1-t21" name="Adding_favPost_log_list" line="178">
<kw name="Open Browser" library="SeleniumLibrary">
<arg>${url3}</arg>
<arg>${browser3}</arg>
<doc>Opens a new browser instance to the optional ``url``.</doc>
<msg timestamp="20230406 14:32:04.861" level="INFO">Opening browser 'firefox' to base url 'http://localhost:8080/dist/production/apps/realworld/index.html'.</msg>
<msg timestamp="20230406 14:32:04.864" level="INFO">Firefox driver log is always forced to to: E:\PythonProjects\Nowy folder\log\geckodriver-21.log</msg>
<status status="PASS" starttime="20230406 14:32:04.860" endtime="20230406 14:32:10.680"/>
</kw>
<kw name="SignInGen" library="keywords">
<kw name="Wait Until Page Contains Element" library="SeleniumLibrary">
<arg>id:neo-vnode-6</arg>
<doc>Waits until the element ``locator`` appears on the current page.</doc>
<status status="PASS" starttime="20230406 14:32:10.681" endtime="20230406 14:32:10.910"/>
</kw>
<kw name="Click Element" library="SeleniumLibrary">
<arg>id:neo-vnode-6</arg>
<doc>Click the element identified by ``locator``.</doc>
<msg timestamp="20230406 14:32:10.911" level="INFO">Clicking element 'id:neo-vnode-6'.</msg>
<status status="PASS" starttime="20230406 14:32:10.910" endtime="20230406 14:32:10.961"/>
</kw>
<kw name="Wait Until Page Contains Element" library="SeleniumLibrary">
<arg>name:email</arg>
<doc>Waits until the element ``locator`` appears on the current page.</doc>
<status status="PASS" starttime="20230406 14:32:10.962" endtime="20230406 14:32:11.380"/>
</kw>
<kw name="Name Gen" library="data_generator">
<var>${random_username}</var>
<msg timestamp="20230406 14:32:11.380" level="INFO">${random_username} = ewegbabdwtdyiyjqpunz</msg>
<status status="PASS" starttime="20230406 14:32:11.380" endtime="20230406 14:32:11.381"/>
</kw>
<kw name="Email Gen" library="data_generator">
<var>${random_email}</var>
<msg timestamp="20230406 14:32:11.381" level="INFO">${random_email} = 0mftdyctdd3i@atffxtolfz.wwljw</msg>
<status status="PASS" starttime="20230406 14:32:11.381" endtime="20230406 14:32:11.381"/>
</kw>
<kw name="Password Gen" library="data_generator">
<var>${random_password}</var>
<msg timestamp="20230406 14:32:11.381" level="INFO">${random_password} = zr741gzcl6zr6h1kbj</msg>
<status status="PASS" starttime="20230406 14:32:11.381" endtime="20230406 14:32:11.381"/>
</kw>
<kw name="Press Keys" library="SeleniumLibrary">
<arg>name:username</arg>
<arg>${random_username}</arg>
<doc>Simulates the user pressing key(s) to an element or on the active browser.</doc>
<msg timestamp="20230406 14:32:11.382" level="INFO">Sending key(s) ('ewegbabdwtdyiyjqpunz',) to name:username element.</msg>
<msg timestamp="20230406 14:32:11.673" level="INFO">Sending keys ewegbabdwtdyiyjqpunz</msg>
<status status="PASS" starttime="20230406 14:32:11.382" endtime="20230406 14:32:11.722"/>
</kw>
<kw name="Press Keys" library="SeleniumLibrary">
<arg>name:email</arg>
<arg>${random_email}</arg>
<doc>Simulates the user pressing key(s) to an element or on the active browser.</doc>
<msg timestamp="20230406 14:32:11.723" level="INFO">Sending key(s) ('0mftdyctdd3i@atffxtolfz.wwljw',) to name:email element.</msg>
<msg timestamp="20230406 14:32:12.012" level="INFO">Sending keys 0mftdyctdd3i@atffxtolfz.wwljw</msg>
<status status="PASS" starttime="20230406 14:32:11.722" endtime="20230406 14:32:12.058"/>
</kw>
<kw name="Press Keys" library="SeleniumLibrary">
<arg>name:password</arg>
<arg>${random_password}</arg>
<doc>Simulates the user pressing key(s) to an element or on the active browser.</doc>
<msg timestamp="20230406 14:32:12.059" level="INFO">Sending key(s) ('zr741gzcl6zr6h1kbj',) to name:password element.</msg>
<msg timestamp="20230406 14:32:12.351" level="INFO">Sending keys zr741gzcl6zr6h1kbj</msg>
<status status="PASS" starttime="20230406 14:32:12.059" endtime="20230406 14:32:12.382"/>
</kw>
<kw name="Click Button" library="SeleniumLibrary">
<arg>class:btn-primary</arg>
<doc>Clicks the button identified by ``locator``.</doc>
<msg timestamp="20230406 14:32:12.383" level="INFO">Clicking button 'class:btn-primary'.</msg>
<status status="PASS" starttime="20230406 14:32:12.382" endtime="20230406 14:32:12.607"/>
</kw>
<kw name="Sleep" library="BuiltIn">
<arg>2</arg>
<doc>Pauses the test executed for the given time.</doc>
<msg timestamp="20230406 14:32:14.608" level="INFO">Slept 2 seconds</msg>
<status status="PASS" starttime="20230406 14:32:12.607" endtime="20230406 14:32:14.608"/>
</kw>
<kw name="Get Text" library="SeleniumLibrary">
<var>${check_name}</var>
<arg>id:neo-vnode-47</arg>
<doc>Returns the text value of the element identified by ``locator``.</doc>
<msg timestamp="20230406 14:32:14.647" level="INFO" html="true">&lt;/td&gt;&lt;/tr&gt;&lt;tr&gt;&lt;td colspan="3"&gt;&lt;a href="selenium-screenshot-11.png"&gt;&lt;img src="selenium-screenshot-11.png" width="800px"&gt;&lt;/a&gt;</msg>
<msg timestamp="20230406 14:32:14.647" level="FAIL">Element with locator 'id:neo-vnode-47' not found.</msg>
<status status="FAIL" starttime="20230406 14:32:14.608" endtime="20230406 14:32:14.650"/>
</kw>
<kw name="Should Be Equal As Strings" library="BuiltIn">
<arg>${check_name.strip()}</arg>
<arg>${random_username.strip()}</arg>
<doc>Fails if objects are unequal after converting them to strings.</doc>
<status status="NOT RUN" starttime="20230406 14:32:14.650" endtime="20230406 14:32:14.651"/>
</kw>
<status status="FAIL" starttime="20230406 14:32:10.681" endtime="20230406 14:32:14.651"/>
</kw>
<kw name="Click Element" library="SeleniumLibrary">
<arg>id:neo-vnode-167</arg>
<doc>Click the element identified by ``locator``.</doc>
<status status="NOT RUN" starttime="20230406 14:32:14.652" endtime="20230406 14:32:14.652"/>
</kw>
<kw name="Click Element" library="SeleniumLibrary">
<arg>class:user-pic</arg>
<doc>Click the element identified by ``locator``.</doc>
<status status="NOT RUN" starttime="20230406 14:32:14.652" endtime="20230406 14:32:14.653"/>
</kw>
<kw name="Click Element" library="SeleniumLibrary">
<arg>id:neo-vnode-293</arg>
<doc>Click the element identified by ``locator``.</doc>
<status status="NOT RUN" starttime="20230406 14:32:14.653" endtime="20230406 14:32:14.654"/>
</kw>
<kw name="Should Not Be Empty" library="BuiltIn">
<arg>id:neo-vnode-293</arg>
<doc>Verifies that the given item is not empty.</doc>
<status status="NOT RUN" starttime="20230406 14:32:14.654" endtime="20230406 14:32:14.655"/>
</kw>
<kw name="Run Keyword And Ignore Error" library="BuiltIn">
<arg>Close Window</arg>
<doc>Runs the given keyword with the given arguments and ignores possible error.</doc>
<status status="NOT RUN" starttime="20230406 14:32:14.655" endtime="20230406 14:32:14.656"/>
</kw>
<status status="FAIL" starttime="20230406 14:32:04.860" endtime="20230406 14:32:14.656">Element with locator 'id:neo-vnode-47' not found.</status>
</test>
<test id="s1-t22" name="Adding_favPost_log" line="189">
<kw name="Open Browser" library="SeleniumLibrary">
<arg>${url3}</arg>
<arg>${browser3}</arg>
<doc>Opens a new browser instance to the optional ``url``.</doc>
<msg timestamp="20230406 14:32:14.660" level="INFO">Opening browser 'firefox' to base url 'http://localhost:8080/dist/production/apps/realworld/index.html'.</msg>
<msg timestamp="20230406 14:32:14.664" level="INFO">Firefox driver log is always forced to to: E:\PythonProjects\Nowy folder\log\geckodriver-22.log</msg>
<status status="PASS" starttime="20230406 14:32:14.658" endtime="20230406 14:32:20.497"/>
</kw>
<kw name="SignInGen" library="keywords">
<kw name="Wait Until Page Contains Element" library="SeleniumLibrary">
<arg>id:neo-vnode-6</arg>
<doc>Waits until the element ``locator`` appears on the current page.</doc>
<status status="PASS" starttime="20230406 14:32:20.499" endtime="20230406 14:32:20.724"/>
</kw>
<kw name="Click Element" library="SeleniumLibrary">
<arg>id:neo-vnode-6</arg>
<doc>Click the element identified by ``locator``.</doc>
<msg timestamp="20230406 14:32:20.725" level="INFO">Clicking element 'id:neo-vnode-6'.</msg>
<status status="PASS" starttime="20230406 14:32:20.725" endtime="20230406 14:32:20.767"/>
</kw>
<kw name="Wait Until Page Contains Element" library="SeleniumLibrary">
<arg>name:email</arg>
<doc>Waits until the element ``locator`` appears on the current page.</doc>
<status status="PASS" starttime="20230406 14:32:20.768" endtime="20230406 14:32:20.982"/>
</kw>
<kw name="Name Gen" library="data_generator">
<var>${random_username}</var>
<msg timestamp="20230406 14:32:20.982" level="INFO">${random_username} = zhovutcqlfpvqswpriec</msg>
<status status="PASS" starttime="20230406 14:32:20.982" endtime="20230406 14:32:20.982"/>
</kw>
<kw name="Email Gen" library="data_generator">
<var>${random_email}</var>
<msg timestamp="20230406 14:32:20.983" level="INFO">${random_email} = aylbbkt3w7ov@armlygcnoh.tcnlu</msg>
<status status="PASS" starttime="20230406 14:32:20.983" endtime="20230406 14:32:20.983"/>
</kw>
<kw name="Password Gen" library="data_generator">
<var>${random_password}</var>
<msg timestamp="20230406 14:32:20.983" level="INFO">${random_password} = pn5914pbbakv6t6km1</msg>
<status status="PASS" starttime="20230406 14:32:20.983" endtime="20230406 14:32:20.983"/>
</kw>
<kw name="Press Keys" library="SeleniumLibrary">
<arg>name:username</arg>
<arg>${random_username}</arg>
<doc>Simulates the user pressing key(s) to an element or on the active browser.</doc>
<msg timestamp="20230406 14:32:20.984" level="INFO">Sending key(s) ('zhovutcqlfpvqswpriec',) to name:username element.</msg>
<msg timestamp="20230406 14:32:21.269" level="INFO">Sending keys zhovutcqlfpvqswpriec</msg>
<status status="PASS" starttime="20230406 14:32:20.983" endtime="20230406 14:32:21.311"/>
</kw>
<kw name="Press Keys" library="SeleniumLibrary">
<arg>name:email</arg>
<arg>${random_email}</arg>
<doc>Simulates the user pressing key(s) to an element or on the active browser.</doc>
<msg timestamp="20230406 14:32:21.312" level="INFO">Sending key(s) ('aylbbkt3w7ov@armlygcnoh.tcnlu',) to name:email element.</msg>
<msg timestamp="20230406 14:32:21.594" level="INFO">Sending keys aylbbkt3w7ov@armlygcnoh.tcnlu</msg>
<status status="PASS" starttime="20230406 14:32:21.312" endtime="20230406 14:32:21.648"/>
</kw>
<kw name="Press Keys" library="SeleniumLibrary">
<arg>name:password</arg>
<arg>${random_password}</arg>
<doc>Simulates the user pressing key(s) to an element or on the active browser.</doc>
<msg timestamp="20230406 14:32:21.649" level="INFO">Sending key(s) ('pn5914pbbakv6t6km1',) to name:password element.</msg>
<msg timestamp="20230406 14:32:21.934" level="INFO">Sending keys pn5914pbbakv6t6km1</msg>
<status status="PASS" starttime="20230406 14:32:21.649" endtime="20230406 14:32:21.963"/>
</kw>
<kw name="Click Button" library="SeleniumLibrary">
<arg>class:btn-primary</arg>
<doc>Clicks the button identified by ``locator``.</doc>
<msg timestamp="20230406 14:32:21.964" level="INFO">Clicking button 'class:btn-primary'.</msg>
<status status="PASS" starttime="20230406 14:32:21.963" endtime="20230406 14:32:22.193"/>
</kw>
<kw name="Sleep" library="BuiltIn">
<arg>2</arg>
<doc>Pauses the test executed for the given time.</doc>
<msg timestamp="20230406 14:32:24.194" level="INFO">Slept 2 seconds</msg>
<status status="PASS" starttime="20230406 14:32:22.193" endtime="20230406 14:32:24.194"/>
</kw>
<kw name="Get Text" library="SeleniumLibrary">
<var>${check_name}</var>
<arg>id:neo-vnode-47</arg>
<doc>Returns the text value of the element identified by ``locator``.</doc>
<msg timestamp="20230406 14:32:24.231" level="INFO" html="true">&lt;/td&gt;&lt;/tr&gt;&lt;tr&gt;&lt;td colspan="3"&gt;&lt;a href="selenium-screenshot-12.png"&gt;&lt;img src="selenium-screenshot-12.png" width="800px"&gt;&lt;/a&gt;</msg>
<msg timestamp="20230406 14:32:24.231" level="FAIL">Element with locator 'id:neo-vnode-47' not found.</msg>
<status status="FAIL" starttime="20230406 14:32:24.194" endtime="20230406 14:32:24.233"/>
</kw>
<kw name="Should Be Equal As Strings" library="BuiltIn">
<arg>${check_name.strip()}</arg>
<arg>${random_username.strip()}</arg>
<doc>Fails if objects are unequal after converting them to strings.</doc>
<status status="NOT RUN" starttime="20230406 14:32:24.233" endtime="20230406 14:32:24.233"/>
</kw>
<status status="FAIL" starttime="20230406 14:32:20.497" endtime="20230406 14:32:24.233"/>
</kw>
<kw name="Click Element" library="SeleniumLibrary">
<arg>id:neo-vnode-186</arg>
<doc>Click the element identified by ``locator``.</doc>
<status status="NOT RUN" starttime="20230406 14:32:24.234" endtime="20230406 14:32:24.234"/>
</kw>
<kw name="Click Element" library="SeleniumLibrary">
<arg>id:neo-vnode-264</arg>
<doc>Click the element identified by ``locator``.</doc>
<status status="NOT RUN" starttime="20230406 14:32:24.234" endtime="20230406 14:32:24.234"/>
</kw>
<kw name="Click Element" library="SeleniumLibrary">
<arg>class:user-pic</arg>
<doc>Click the element identified by ``locator``.</doc>
<status status="NOT RUN" starttime="20230406 14:32:24.234" endtime="20230406 14:32:24.234"/>
</kw>
<kw name="Click Element" library="SeleniumLibrary">
<arg>id:neo-vnode-293</arg>
<doc>Click the element identified by ``locator``.</doc>
<status status="NOT RUN" starttime="20230406 14:32:24.234" endtime="20230406 14:32:24.235"/>
</kw>
<kw name="Should Not Be Empty" library="BuiltIn">
<arg>id:neo-vnode-293</arg>
<doc>Verifies that the given item is not empty.</doc>
<status status="NOT RUN" starttime="20230406 14:32:24.235" endtime="20230406 14:32:24.235"/>
</kw>
<kw name="Run Keyword And Ignore Error" library="BuiltIn">
<arg>Close Window</arg>
<doc>Runs the given keyword with the given arguments and ignores possible error.</doc>
<status status="NOT RUN" starttime="20230406 14:32:24.235" endtime="20230406 14:32:24.235"/>
</kw>
<status status="FAIL" starttime="20230406 14:32:14.657" endtime="20230406 14:32:24.235">Element with locator 'id:neo-vnode-47' not found.</status>
</test>
<test id="s1-t23" name="Write_art" line="201">
<kw name="Open Browser" library="SeleniumLibrary">
<arg>${url3}</arg>
<arg>${browser3}</arg>
<doc>Opens a new browser instance to the optional ``url``.</doc>
<msg timestamp="20230406 14:32:24.237" level="INFO">Opening browser 'firefox' to base url 'http://localhost:8080/dist/production/apps/realworld/index.html'.</msg>
<msg timestamp="20230406 14:32:24.240" level="INFO">Firefox driver log is always forced to to: E:\PythonProjects\Nowy folder\log\geckodriver-23.log</msg>
<status status="PASS" starttime="20230406 14:32:24.236" endtime="20230406 14:32:30.150"/>
</kw>
<kw name="SignInGen" library="keywords">
<kw name="Wait Until Page Contains Element" library="SeleniumLibrary">
<arg>id:neo-vnode-6</arg>
<doc>Waits until the element ``locator`` appears on the current page.</doc>
<status status="PASS" starttime="20230406 14:32:30.151" endtime="20230406 14:32:30.370"/>
</kw>
<kw name="Click Element" library="SeleniumLibrary">
<arg>id:neo-vnode-6</arg>
<doc>Click the element identified by ``locator``.</doc>
<msg timestamp="20230406 14:32:30.371" level="INFO">Clicking element 'id:neo-vnode-6'.</msg>
<status status="PASS" starttime="20230406 14:32:30.371" endtime="20230406 14:32:30.415"/>
</kw>
<kw name="Wait Until Page Contains Element" library="SeleniumLibrary">
<arg>name:email</arg>
<doc>Waits until the element ``locator`` appears on the current page.</doc>
<status status="PASS" starttime="20230406 14:32:30.416" endtime="20230406 14:32:30.831"/>
</kw>
<kw name="Name Gen" library="data_generator">
<var>${random_username}</var>
<msg timestamp="20230406 14:32:30.832" level="INFO">${random_username} = yxlfohompqgtlomunepm</msg>
<status status="PASS" starttime="20230406 14:32:30.831" endtime="20230406 14:32:30.832"/>
</kw>
<kw name="Email Gen" library="data_generator">
<var>${random_email}</var>
<msg timestamp="20230406 14:32:30.832" level="INFO">${random_email} = uunqiwmg71n0@ikvythkmoi.chyvc</msg>
<status status="PASS" starttime="20230406 14:32:30.832" endtime="20230406 14:32:30.832"/>
</kw>
<kw name="Password Gen" library="data_generator">
<var>${random_password}</var>
<msg timestamp="20230406 14:32:30.833" level="INFO">${random_password} = v9tc76yvjd3j77z41s</msg>
<status status="PASS" starttime="20230406 14:32:30.832" endtime="20230406 14:32:30.833"/>
</kw>
<kw name="Press Keys" library="SeleniumLibrary">
<arg>name:username</arg>
<arg>${random_username}</arg>
<doc>Simulates the user pressing key(s) to an element or on the active browser.</doc>
<msg timestamp="20230406 14:32:30.833" level="INFO">Sending key(s) ('yxlfohompqgtlomunepm',) to name:username element.</msg>
<msg timestamp="20230406 14:32:31.131" level="INFO">Sending keys yxlfohompqgtlomunepm</msg>
<status status="PASS" starttime="20230406 14:32:30.833" endtime="20230406 14:32:31.180"/>
</kw>
<kw name="Press Keys" library="SeleniumLibrary">
<arg>name:email</arg>
<arg>${random_email}</arg>
<doc>Simulates the user pressing key(s) to an element or on the active browser.</doc>
<msg timestamp="20230406 14:32:31.182" level="INFO">Sending key(s) ('uunqiwmg71n0@ikvythkmoi.chyvc',) to name:email element.</msg>
<msg timestamp="20230406 14:32:31.471" level="INFO">Sending keys uunqiwmg71n0@ikvythkmoi.chyvc</msg>
<status status="PASS" starttime="20230406 14:32:31.181" endtime="20230406 14:32:31.522"/>
</kw>
<kw name="Press Keys" library="SeleniumLibrary">
<arg>name:password</arg>
<arg>${random_password}</arg>
<doc>Simulates the user pressing key(s) to an element or on the active browser.</doc>
<msg timestamp="20230406 14:32:31.524" level="INFO">Sending key(s) ('v9tc76yvjd3j77z41s',) to name:password element.</msg>
<msg timestamp="20230406 14:32:31.810" level="INFO">Sending keys v9tc76yvjd3j77z41s</msg>
<status status="PASS" starttime="20230406 14:32:31.523" endtime="20230406 14:32:31.840"/>
</kw>
<kw name="Click Button" library="SeleniumLibrary">
<arg>class:btn-primary</arg>
<doc>Clicks the button identified by ``locator``.</doc>
<msg timestamp="20230406 14:32:31.841" level="INFO">Clicking button 'class:btn-primary'.</msg>
<status status="PASS" starttime="20230406 14:32:31.841" endtime="20230406 14:32:32.069"/>
</kw>
<kw name="Sleep" library="BuiltIn">
<arg>2</arg>
<doc>Pauses the test executed for the given time.</doc>
<msg timestamp="20230406 14:32:34.070" level="INFO">Slept 2 seconds</msg>
<status status="PASS" starttime="20230406 14:32:32.069" endtime="20230406 14:32:34.070"/>
</kw>
<kw name="Get Text" library="SeleniumLibrary">
<var>${check_name}</var>
<arg>id:neo-vnode-47</arg>
<doc>Returns the text value of the element identified by ``locator``.</doc>
<msg timestamp="20230406 14:32:34.112" level="INFO" html="true">&lt;/td&gt;&lt;/tr&gt;&lt;tr&gt;&lt;td colspan="3"&gt;&lt;a href="selenium-screenshot-13.png"&gt;&lt;img src="selenium-screenshot-13.png" width="800px"&gt;&lt;/a&gt;</msg>
<msg timestamp="20230406 14:32:34.112" level="FAIL">Element with locator 'id:neo-vnode-47' not found.</msg>
<status status="FAIL" starttime="20230406 14:32:34.071" endtime="20230406 14:32:34.114"/>
</kw>
<kw name="Should Be Equal As Strings" library="BuiltIn">
<arg>${check_name.strip()}</arg>
<arg>${random_username.strip()}</arg>
<doc>Fails if objects are unequal after converting them to strings.</doc>
<status status="NOT RUN" starttime="20230406 14:32:34.115" endtime="20230406 14:32:34.115"/>
</kw>
<status status="FAIL" starttime="20230406 14:32:30.151" endtime="20230406 14:32:34.116"/>
</kw>
<kw name="Click Element" library="SeleniumLibrary">
<arg>id:neo-vnode-230</arg>
<doc>Click the element identified by ``locator``.</doc>
<status status="NOT RUN" starttime="20230406 14:32:34.116" endtime="20230406 14:32:34.117"/>
</kw>
<kw name="Press Keys" library="SeleniumLibrary">
<arg>name:title</arg>
<arg>TestTitle</arg>
<doc>Simulates the user pressing key(s) to an element or on the active browser.</doc>
<status status="NOT RUN" starttime="20230406 14:32:34.117" endtime="20230406 14:32:34.117"/>
</kw>
<kw name="Press Keys" library="SeleniumLibrary">
<arg>name:description</arg>
<arg>TestDescription</arg>
<doc>Simulates the user pressing key(s) to an element or on the active browser.</doc>
<status status="NOT RUN" starttime="20230406 14:32:34.118" endtime="20230406 14:32:34.118"/>
</kw>
<kw name="Press Keys" library="SeleniumLibrary">
<arg>name:body</arg>
<arg>TestBody</arg>
<doc>Simulates the user pressing key(s) to an element or on the active browser.</doc>
<status status="NOT RUN" starttime="20230406 14:32:34.118" endtime="20230406 14:32:34.118"/>
</kw>
<kw name="Press Keys" library="SeleniumLibrary">
<arg>name:tags</arg>
<arg>TestTag</arg>
<doc>Simulates the user pressing key(s) to an element or on the active browser.</doc>
<status status="NOT RUN" starttime="20230406 14:32:34.118" endtime="20230406 14:32:34.119"/>
</kw>
<kw name="Click Element" library="SeleniumLibrary">
<arg>id:neo-vnode-352</arg>
<doc>Click the element identified by ``locator``.</doc>
<status status="NOT RUN" starttime="20230406 14:32:34.119" endtime="20230406 14:32:34.119"/>
</kw>
<kw name="Click Element" library="SeleniumLibrary">
<arg>class:user-pic</arg>
<doc>Click the element identified by ``locator``.</doc>
<status status="NOT RUN" starttime="20230406 14:32:34.119" endtime="20230406 14:32:34.119"/>
</kw>
<kw name="Click Element" library="SeleniumLibrary">
<arg>id:neo-vnode-291</arg>
<doc>Click the element identified by ``locator``.</doc>
<status status="NOT RUN" starttime="20230406 14:32:34.119" endtime="20230406 14:32:34.120"/>
</kw>
<kw name="Should Not Be Empty" library="BuiltIn">
<arg>id:neo-vnode-291</arg>
<doc>Verifies that the given item is not empty.</doc>
<status status="NOT RUN" starttime="20230406 14:32:34.120" endtime="20230406 14:32:34.120"/>
</kw>
<kw name="Run Keyword And Ignore Error" library="BuiltIn">
<arg>Close Window</arg>
<doc>Runs the given keyword with the given arguments and ignores possible error.</doc>
<status status="NOT RUN" starttime="20230406 14:32:34.120" endtime="20230406 14:32:34.120"/>
</kw>
<status status="FAIL" starttime="20230406 14:32:24.236" endtime="20230406 14:32:34.120">Element with locator 'id:neo-vnode-47' not found.</status>
</test>
<status status="FAIL" starttime="20230406 14:29:27.596" endtime="20230406 14:32:34.121"/>
</suite>
<statistics>
<total>
<stat pass="9" fail="14" skip="0">All Tests</stat>
</total>
<tag>
</tag>
<suite>
<stat pass="9" fail="14" skip="0" id="s1" name="firefoxProd">firefoxProd</stat>
</suite>
</statistics>
<errors>
<msg timestamp="20230406 14:29:28.221" level="ERROR">Error in file 'E:\PythonProjects\Nowy folder\robot\commons\keywords.robot' on line 4: Library 'commons\data_generator.py' does not exist.</msg>
</errors>
</robot>
